[debug] [2023-04-09T22:16:33.351Z] ----------------------------------------------------------------------
[debug] [2023-04-09T22:16:33.352Z] Command:       /usr/local/bin/firebase /Users/cy/.cache/firebase/tools/lib/node_modules/firebase-tools/lib/bin/firebase deploy
[debug] [2023-04-09T22:16:33.353Z] CLI Version:   11.22.0
[debug] [2023-04-09T22:16:33.353Z] Platform:      darwin
[debug] [2023-04-09T22:16:33.353Z] Node Version:  v16.16.0
[debug] [2023-04-09T22:16:33.356Z] Time:          Sun Apr 09 2023 15:16:33 GMT-0700 (Pacific Daylight Time)
[debug] [2023-04-09T22:16:33.356Z] ----------------------------------------------------------------------
[debug] 
[debug] [2023-04-09T22:16:33.362Z] >>> [apiv2][query] GET https://firebase-public.firebaseio.com/cli.json [none]
[debug] [2023-04-09T22:16:33.449Z] > command requires scopes: ["email","openid","https://www.googleapis.com/auth/cloudplatformprojects.readonly","https://www.googleapis.com/auth/firebase","https://www.googleapis.com/auth/cloud-platform"]
[debug] [2023-04-09T22:16:33.450Z] > authorizing via signed-in user (garciacy.developer@gmail.com)
[debug] [2023-04-09T22:16:33.450Z] [iam] checking project bycyril1 for permissions ["firebase.projects.get","firebasehosting.sites.update"]
[debug] [2023-04-09T22:16:33.451Z] > refreshing access token with scopes: []
[debug] [2023-04-09T22:16:33.452Z] >>> [apiv2][query] POST https://www.googleapis.com/oauth2/v3/token [none]
[debug] [2023-04-09T22:16:33.453Z] >>> [apiv2][body] POST https://www.googleapis.com/oauth2/v3/token [omitted]
[debug] [2023-04-09T22:16:33.675Z] <<< [apiv2][status] POST https://www.googleapis.com/oauth2/v3/token 200
[debug] [2023-04-09T22:16:33.678Z] <<< [apiv2][body] POST https://www.googleapis.com/oauth2/v3/token [omitted]
[debug] [2023-04-09T22:16:33.722Z] >>> [apiv2][query] POST https://cloudresourcemanager.googleapis.com/v1/projects/bycyril1:testIamPermissions [none]
[debug] [2023-04-09T22:16:33.724Z] >>> [apiv2][(partial)header] POST https://cloudresourcemanager.googleapis.com/v1/projects/bycyril1:testIamPermissions x-goog-quota-user=projects/bycyril1
[debug] [2023-04-09T22:16:33.725Z] >>> [apiv2][body] POST https://cloudresourcemanager.googleapis.com/v1/projects/bycyril1:testIamPermissions {"permissions":["firebase.projects.get","firebasehosting.sites.update"]}
[debug] [2023-04-09T22:16:33.740Z] <<< [apiv2][status] GET https://firebase-public.firebaseio.com/cli.json 200
[debug] [2023-04-09T22:16:33.741Z] <<< [apiv2][body] GET https://firebase-public.firebaseio.com/cli.json {"cloudBuildErrorAfter":1594252800000,"cloudBuildWarnAfter":1590019200000,"defaultNode10After":1594252800000,"minVersion":"3.0.5","node8DeploysDisabledAfter":1613390400000,"node8RuntimeDisabledAfter":1615809600000,"node8WarnAfter":1600128000000}
[debug] [2023-04-09T22:16:34.012Z] <<< [apiv2][status] POST https://cloudresourcemanager.googleapis.com/v1/projects/bycyril1:testIamPermissions 200
[debug] [2023-04-09T22:16:34.014Z] <<< [apiv2][body] POST https://cloudresourcemanager.googleapis.com/v1/projects/bycyril1:testIamPermissions {"permissions":["firebase.projects.get","firebasehosting.sites.update"]}
[debug] [2023-04-09T22:16:34.015Z] >>> [apiv2][query] GET https://firebase.googleapis.com/v1beta1/projects/bycyril1 [none]
[debug] [2023-04-09T22:16:34.549Z] <<< [apiv2][status] GET https://firebase.googleapis.com/v1beta1/projects/bycyril1 200
[debug] [2023-04-09T22:16:34.551Z] <<< [apiv2][body] GET https://firebase.googleapis.com/v1beta1/projects/bycyril1 {"projectId":"bycyril1","projectNumber":"911777868868","displayName":"ByCyril","name":"projects/bycyril1","resources":{"hostingSite":"bycyril1","realtimeDatabaseInstance":"bycyril1","storageBucket":"bycyril1.appspot.com","locationId":"us-central"},"state":"ACTIVE","etag":"1_b5a31769-faa6-4c0b-a09d-ead74ec4a609"}
[info] 
[info] === Deploying to 'bycyril1'...
[info] 
[info] i  deploying hosting 
[debug] [2023-04-09T22:16:34.560Z] >>> [apiv2][query] POST https://firebasehosting.googleapis.com/v1beta1/projects/-/sites/bycyril1/versions [none]
[debug] [2023-04-09T22:16:34.560Z] >>> [apiv2][body] POST https://firebasehosting.googleapis.com/v1beta1/projects/-/sites/bycyril1/versions {"status":"CREATED","labels":{"deployment-tool":"cli-firebase"}}
[debug] [2023-04-09T22:16:35.465Z] <<< [apiv2][status] POST https://firebasehosting.googleapis.com/v1beta1/projects/-/sites/bycyril1/versions 200
[debug] [2023-04-09T22:16:35.466Z] <<< [apiv2][body] POST https://firebasehosting.googleapis.com/v1beta1/projects/-/sites/bycyril1/versions {"name":"projects/911777868868/sites/bycyril1/versions/3fc5806c5f8aeccc","status":"CREATED","config":{},"labels":{"deployment-tool":"cli-firebase"}}
[info] i  hosting[bycyril1]: beginning deploy... 
[info] i  hosting[bycyril1]: found 75 files in public 
[debug] [2023-04-09T22:16:35.506Z] [hosting] uploading with 200 concurrency
[debug] [2023-04-09T22:16:36.034Z] [hosting] hash cache [cHVibGlj] stored for 75 files
[debug] [2023-04-09T22:16:36.034Z] [hosting][hash queue][FINAL] {"max":521,"min":0,"avg":7.277276231600707,"active":0,"complete":75,"success":75,"errored":0,"retried":0,"total":75,"elapsed":526}
[debug] [2023-04-09T22:16:36.034Z] >>> [apiv2][query] POST https://firebasehosting.googleapis.com/v1beta1/projects/911777868868/sites/bycyril1/versions/3fc5806c5f8aeccc:populateFiles [none]
[debug] [2023-04-09T22:16:36.035Z] >>> [apiv2][body] POST https://firebasehosting.googleapis.com/v1beta1/projects/911777868868/sites/bycyril1/versions/3fc5806c5f8aeccc:populateFiles {"files":{"/assets/css/fontawesome-all.min.css":"352a679b1fa568601f42a60b697b326b61994fd87b45ae6a8901b0890c0ccb32","/assets/css/main.css":"bd168bd241a7ea95a44bf88ad2629c844be3430906d9e2e08bc485724ac8b9c2","/assets/css/noscript.css":"e62529d45cb242b91c135fe43b368d2c91f4929df923138e9d1c1ccdfc4aebba","/assets/css/images/arrow.svg":"64bddc4f0bfb85cb88e50cbc984d8fc11f1eaed825ecb123918bfb2996a4e75d","/assets/css/images/close.svg":"5fb72e9eef8be391c772e7f1f76e3a22140fcaf46342275bbdba99969c323008","/assets/css/images/spinner.svg":"0b4cacf1932779bf7ea08fcecbfd7e4abf8ca16e7d9770b6d56415bf371f56f0","/assets/js/breakpoints.min.js":"2ed14ae053ce9e3f2f794c687818b764523a96bebc3c50522f0d97307229ab4d","/assets/js/browser.min.js":"a68a7e915649eda82cd624f155d5910b94b450cca9a54218c1980aec60a05386","/assets/js/jquery.min.js":"fe430fdf87635867df296d9affbe46e14bb8e7b57a4d8c6738914702ad5bff1a","/assets/js/jquery.poptrox.min.js":"d853f2676311aea4995c7dba22211d972a88ac6e5abbeb34f8ec6bb0bd4277ea","/assets/js/main.js":"77c7b0e7f849b13086455954ace543d72134e675f581c026374fe20059cbc8f3","/assets/js/util.js":"916dfb8e26a7dda3bab1ad9b569c8b25f1ccc5e33dbc523e69797e48658122e2","/assets/sass/main.scss":"90c8d882805689809bec5ae6d31164064f451d37aeec333520b8e3c37007a155","/assets/sass/noscript.scss":"035fdcc0b51ead317182e644d7a760a320c176ac14bd9459f96dffd66d6427a8","/assets/sass/base/_page.scss":"f2f60e9474dda3e6ec4bcdc630f208a06947486dc9b28dbb0ea0a387708a2c87","/assets/sass/base/_reset.scss":"724069ea3b36cd34cb4a7a47135e952749657da8d772ce75c734fd47dd3f0f65","/assets/sass/base/_typography.scss":"1ccc8f08e50e1206e21411dc636392be28ee69d0c0ccd0608de799297f2fefd1","/assets/sass/components/_actions.scss":"96f7ba4e918cd3c534186f41256e1dc387dc9587f021e4ab4b24fd35573b9c6f","/assets/sass/components/_button.scss":"d4f3a6c7d6990448d03406042e611d4d78cf628620458f0bd878befa3aa0fa91","/assets/sass/components/_form.scss":"24317c7810bf0ee9eadc95d4fc12ab7add5ec483d81c0c163d4f1cb1546d1ef6","/assets/sass/components/_icon.scss":"d6484132f21c6ec40a8144c902fd462d60373e52a32ae4cce1772aef287bc69e","/assets/sass/components/_icons.scss":"e0637181d73c7a8be29a97db8a62cac47f259db92a46e3ddbc9b916375f97860","/assets/sass/components/_list.scss":"d60671bcb0e10c4d55e69a686c911bb5e664cc8b555b83bfef587e5268604647","/assets/sass/components/_panel.scss":"1d9a388ac34650f71ae07668305cabdbd183dbaf888c7f4e0a2aed495c933dfd","/assets/sass/components/_poptrox-popup.scss":"5a69b27b2977ee1751e0aad3cdc3d212fb2c4c65511dae037cdfe044678cf0d8","/assets/sass/components/_table.scss":"fc5136d8b099e3b15fdf4883e58f1790df3e0578879fa406e9ad7830c02f68a9","/assets/sass/layout/_footer.scss":"fbcac6563d7128bcb18fa1d3a0e362646a428b074884d16031dff812e4eeecff","/assets/sass/layout/_header.scss":"b4b10798181c50218112d5b522da0fb973b5c94ece5889e5d2de5b7b2daec733","/assets/sass/layout/_main.scss":"d3ab7a66e5d1de98ccf94665e5bfae48cc2f8a4f9c21e0079e7d4245394f178e","/assets/sass/layout/_wrapper.scss":"1b7d8df00eeb419b7bf7b9e8acda561e53f7007c35c596ab9bd64cd5e79fd893","/assets/sass/libs/_breakpoints.scss":"51e9459e5a6e94efbd01e36a05cae50a5b523b6776f67731374e6f7d763f8c20","/assets/sass/libs/_functions.scss":"6f662d548b9ce1284054b2cedc1b6e789e66cc1317d622d92b51027d19308119","/assets/sass/libs/_mixins.scss":"e6ac326be7c7ebf4e63211033ce2fa2abd4ed1a1ce3cd5b8c1356b51223700b4","/assets/sass/libs/_vars.scss":"cdf52995e8b0c0f7c123eb2b864867d2fec8b935e08dd5a0804d9b5dcf003768","/assets/sass/libs/_vendor.scss":"e90cd57506c858d2064e11ce5a5611dfbe898377436347e3a36ca804f95378b1","/assets/webfonts/fa-brands-400.eot":"e3671a7182bce691839cdb481fe288746bbfbd2dead9145b02917827b6964eeb","/assets/webfonts/fa-brands-400.svg":"8e9a16de9b7789636d234e22070368b1629ce4b58d25f9707454b4068bafa03a","/assets/webfonts/fa-brands-400.ttf":"5f36a0bafe27a809eee94935e611793357c2f5c2ec4bcbb744b37cbe66a67c8d","/assets/webfonts/fa-brands-400.woff":"2db98d8dde662f6a81b6eed3681af89e36cf9537968fa5e78064e6f558211b52","/assets/webfonts/fa-brands-400.woff2":"1806d3e05577044ca9a3df61bf16ecad9a67515604c1fe148da8bcc95eef7a41","/assets/webfonts/fa-regular-400.eot":"87cefa472c4eb49e13b9b6aab6522615529694253798161224b9b62967a4c2fe","/assets/webfonts/fa-regular-400.svg":"ba9b5d118beaca04e1861792b99f07d7ff7c719b4dc7edc3bc57c5aa4b33deb6","/assets/webfonts/fa-regular-400.ttf":"4d83ab538acc5f1d26d8111b732c0e75f3faab9d4540747c3e7cbb11786de042","/assets/webfonts/fa-regular-400.woff":"29ac4f624abed2538116b5422f603b4bed34ed0acc3fbea156431b226a8af5fb","/assets/webfonts/fa-regular-400.woff2":"10463810c7ee9d8987df29fd021d5146f1efcb6c864920d5345cfac7ea0cf1ff","/assets/webfonts/fa-solid-900.eot":"23216072b833b022dd07734c0098caa2b2610e52e4f6cf727488f9db06c90fdd","/assets/webfonts/fa-solid-900.svg":"14da4d08ac1a5f702e84b0c3b5b75940c2ed0e98ba4768720eac78cbeadcfb74","/assets/webfonts/fa-solid-900.ttf":"a39e0e26e6fac997102da11974df69ba0c1b8d058fd5319dbfbfe2122b392e2c","/assets/webfonts/fa-solid-900.woff":"dbab76f5d6f5a0244556eb1c11b18d6e9d07db463477f57f461e71c292598789","/assets/webfonts/fa-solid-900.woff2":"df3d2a0b949750e1be2d3ea97e362e8fe3f8fa31839a0916a871bf8dc94237ef","/images/fulls/01.jpg":"c44047436e0a9892747fc110d1b5cca1697843010464c348e7de39f15b7d7ac3","/images/fulls/02.jpg":"754d50e2089e15f4c96b23ca94da0692679ff821144d4ba808ece1a02152aea9","/images/fulls/03.jpg":"3d5a0a27e3800ed57f5f299d9c95269128b3a5536c67802977cf539bf780b356","/images/fulls/04.jpg":"28b3cd6e6b2be1fdc6d4dbb5888a4a2210059e5512cd94ee66b536f4f7292863","/images/fulls/05.jpg":"2ab100696b769400fbe53079c50fc0ff2421a3f1cac384984d15f3d449282f83","/images/fulls/07.jpg":"71ac5b02fd8516659f9f0ea9944390458a9ff17eb5195f03fbdd0c1d3ad7f06e","/images/fulls/08.jpg":"26fe5e065eb03259d5747aadaf10b6fa80fce232b116ff2088a17d69010e86ed","/images/fulls/09.jpg":"9919ece950b0801f72deefa77ff10dc168a8eca7a2ae6d8a2378ea2539726e77","/images/fulls/10.jpg":"7068eefa36af8a007c558043928b33a89b8a2f440bce1eedc2836a020c3f91b2","/images/fulls/11.jpg":"1e0f07f827dd5ca2f6f204dcbb89d1f99199cd7979e3622285830f76988f4610","/images/fulls/12.jpg":"e79d984e08c398b1e6e81b59c8f85d81123786dd420c7df91cbd40a00076c263","/images/thumbs/01.jpg":"39623c9dbe99ec2e861715bafe09c02e84ba55017d378016469c341f25d77f96","/images/thumbs/02.jpg":"c1c700663cd6db5639474e8b88f86510596cd9659e808657b47586be0a56458d","/images/thumbs/03.jpg":"c80b3390814673060df687ad09c967be70fb1b2de3147bc50c26af42f1308aad","/images/thumbs/04.jpg":"bd6eea30654720be7674b567b7489b3dfac3cbff2434876500b92543e058e084","/images/thumbs/05.jpg":"896a266da10c266e0d965d811a431e744886617e1970d0ed4cc8b1174af61936","/images/thumbs/07.jpg":"2bf2aa5110dc07219efa6c388b5d7a3aaa36b4e75b828ab4d04c91921874f083","/images/thumbs/08.jpg":"245322e81fe1bc5090c8a3ca9a04affb67ab674a5211dbcfb1e3e8586afb0c1e","/images/thumbs/09.jpg":"92d357ed615377c9b248e07cc633dbfb36f9b592691948576ff68576e3820c76","/images/thumbs/10.jpg":"d17eb167f93454e25acf7472fb50f0625d7732576a54d38196aa01efc6df1f8e","/images/thumbs/11.jpg":"7baa30a987e30f58fdec97c59726eeca95bd1af498577f2a972b3149b227a95a","/images/thumbs/12.jpg":"48e5ace2dc9c0960a6e07f0a5768bedc87dfbf99abfe436b0d41dc0e541f18b5","/index.html":"e08f236ed7dae58c9ad848eb81355be431fdab6adfaff7bf150fd994c15c1c15","/images/thumbs/06.jpg":"ec20929742ccbf00baefb8cd6da8a87ddcf9cee25790bffbeb40bea9721b29de","/images/fulls/06.jpg":"9b866c246cd3018fb2ef397cc2be438e82ac53f36e1e1d5640cf3880f46b615f"}}
[debug] [2023-04-09T22:16:37.826Z] <<< [apiv2][status] POST https://firebasehosting.googleapis.com/v1beta1/projects/911777868868/sites/bycyril1/versions/3fc5806c5f8aeccc:populateFiles 200
[debug] [2023-04-09T22:16:37.827Z] <<< [apiv2][body] POST https://firebasehosting.googleapis.com/v1beta1/projects/911777868868/sites/bycyril1/versions/3fc5806c5f8aeccc:populateFiles {"uploadRequiredHashes":["9b866c246cd3018fb2ef397cc2be438e82ac53f36e1e1d5640cf3880f46b615f","e08f236ed7dae58c9ad848eb81355be431fdab6adfaff7bf150fd994c15c1c15","ec20929742ccbf00baefb8cd6da8a87ddcf9cee25790bffbeb40bea9721b29de"],"uploadUrl":"https://upload-firebasehosting.googleapis.com/upload/sites/bycyril1/versions/3fc5806c5f8aeccc/files"}
[debug] [2023-04-09T22:16:37.833Z] >>> [apiv2][query] POST https://upload-firebasehosting.googleapis.com/upload/sites/bycyril1/versions/3fc5806c5f8aeccc/files/9b866c246cd3018fb2ef397cc2be438e82ac53f36e1e1d5640cf3880f46b615f [none]
[debug] [2023-04-09T22:16:37.834Z] >>> [apiv2][body] POST https://upload-firebasehosting.googleapis.com/upload/sites/bycyril1/versions/3fc5806c5f8aeccc/files/9b866c246cd3018fb2ef397cc2be438e82ac53f36e1e1d5640cf3880f46b615f [stream]
[debug] [2023-04-09T22:16:37.837Z] >>> [apiv2][query] POST https://upload-firebasehosting.googleapis.com/upload/sites/bycyril1/versions/3fc5806c5f8aeccc/files/e08f236ed7dae58c9ad848eb81355be431fdab6adfaff7bf150fd994c15c1c15 [none]
[debug] [2023-04-09T22:16:37.837Z] >>> [apiv2][body] POST https://upload-firebasehosting.googleapis.com/upload/sites/bycyril1/versions/3fc5806c5f8aeccc/files/e08f236ed7dae58c9ad848eb81355be431fdab6adfaff7bf150fd994c15c1c15 [stream]
[debug] [2023-04-09T22:16:37.839Z] >>> [apiv2][query] POST https://upload-firebasehosting.googleapis.com/upload/sites/bycyril1/versions/3fc5806c5f8aeccc/files/ec20929742ccbf00baefb8cd6da8a87ddcf9cee25790bffbeb40bea9721b29de [none]
[debug] [2023-04-09T22:16:37.840Z] >>> [apiv2][body] POST https://upload-firebasehosting.googleapis.com/upload/sites/bycyril1/versions/3fc5806c5f8aeccc/files/ec20929742ccbf00baefb8cd6da8a87ddcf9cee25790bffbeb40bea9721b29de [stream]
[debug] [2023-04-09T22:16:37.843Z] [hosting][populate queue][FINAL] {"max":1800,"min":1800,"avg":1800,"active":0,"complete":1,"success":1,"errored":0,"retried":0,"total":1,"elapsed":1810}
[debug] [2023-04-09T22:16:37.844Z] [hosting] uploads queued: 3
[debug] [2023-04-09T22:16:39.301Z] <<< [apiv2][status] POST https://upload-firebasehosting.googleapis.com/upload/sites/bycyril1/versions/3fc5806c5f8aeccc/files/e08f236ed7dae58c9ad848eb81355be431fdab6adfaff7bf150fd994c15c1c15 200
[debug] [2023-04-09T22:16:39.301Z] <<< [apiv2][body] POST https://upload-firebasehosting.googleapis.com/upload/sites/bycyril1/versions/3fc5806c5f8aeccc/files/e08f236ed7dae58c9ad848eb81355be431fdab6adfaff7bf150fd994c15c1c15 [stream]
[debug] [2023-04-09T22:16:39.704Z] <<< [apiv2][status] POST https://upload-firebasehosting.googleapis.com/upload/sites/bycyril1/versions/3fc5806c5f8aeccc/files/ec20929742ccbf00baefb8cd6da8a87ddcf9cee25790bffbeb40bea9721b29de 200
[debug] [2023-04-09T22:16:39.704Z] <<< [apiv2][body] POST https://upload-firebasehosting.googleapis.com/upload/sites/bycyril1/versions/3fc5806c5f8aeccc/files/ec20929742ccbf00baefb8cd6da8a87ddcf9cee25790bffbeb40bea9721b29de [stream]
