[debug] [2019-03-08T22:11:09.885Z] ----------------------------------------------------------------------
[debug] [2019-03-08T22:11:09.887Z] Command:       /usr/local/bin/node /usr/local/bin/firebase deploy
[debug] [2019-03-08T22:11:09.887Z] CLI Version:   6.3.1
[debug] [2019-03-08T22:11:09.887Z] Platform:      darwin
[debug] [2019-03-08T22:11:09.887Z] Node Version:  v10.6.0
[debug] [2019-03-08T22:11:09.888Z] Time:          Fri Mar 08 2019 14:11:09 GMT-0800 (Pacific Standard Time)
[debug] [2019-03-08T22:11:09.888Z] ----------------------------------------------------------------------
[debug] 
[debug] [2019-03-08T22:11:09.901Z] > command requires scopes: ["email","openid","https://www.googleapis.com/auth/cloudplatformprojects.readonly","https://www.googleapis.com/auth/firebase","https://www.googleapis.com/auth/cloud-platform"]
[debug] [2019-03-08T22:11:09.901Z] > authorizing via signed-in user
[debug] [2019-03-08T22:11:09.901Z] [iam] checking project bycyril1 for permissions ["firebase.projects.get","firebasehosting.sites.update"]
[debug] [2019-03-08T22:11:09.903Z] > refreshing access token with scopes: ["email","https://www.googleapis.com/auth/cloud-platform","https://www.googleapis.com/auth/cloudplatformprojects.readonly","https://www.googleapis.com/auth/firebase","openid"]
[debug] [2019-03-08T22:11:09.903Z] >>> HTTP REQUEST POST https://www.googleapis.com/oauth2/v3/token  
 <request body omitted>
[debug] [2019-03-08T22:11:10.145Z] <<< HTTP RESPONSE 200
[debug] [2019-03-08T22:11:10.193Z] >>> HTTP REQUEST POST https://cloudresourcemanager.googleapis.com/v1/projects/bycyril1:testIamPermissions  

[debug] [2019-03-08T22:11:10.502Z] <<< HTTP RESPONSE 200
[debug] [2019-03-08T22:11:10.504Z] >>> HTTP REQUEST GET https://firebase.googleapis.com/v1beta1/projects/bycyril1  
 
[debug] [2019-03-08T22:11:10.811Z] <<< HTTP RESPONSE 200
[info] 
[info] === Deploying to 'bycyril1'...
[info] 
[info] i  deploying hosting
[debug] [2019-03-08T22:11:10.816Z] >>> HTTP REQUEST POST https://firebasehosting.googleapis.com/v1beta1/sites/bycyril1/versions  

